mode: set
github.com/errrov/urlshortener/internal/server/handlerRedirect.go:16.59,17.36 1 1
github.com/errrov/urlshortener/internal/server/handlerRedirect.go:17.36,19.39 2 1
github.com/errrov/urlshortener/internal/server/handlerRedirect.go:19.39,21.4 1 0
github.com/errrov/urlshortener/internal/server/handlerRedirect.go:22.3,25.17 4 1
github.com/errrov/urlshortener/internal/server/handlerRedirect.go:25.17,26.32 1 0
github.com/errrov/urlshortener/internal/server/handlerRedirect.go:26.32,28.5 1 0
github.com/errrov/urlshortener/internal/server/handlerRedirect.go:29.4,29.60 1 0
github.com/errrov/urlshortener/internal/server/handlerRedirect.go:31.3,32.62 2 1
github.com/errrov/urlshortener/internal/server/handlerShorten.go:24.59,25.36 1 1
github.com/errrov/urlshortener/internal/server/handlerShorten.go:25.36,27.45 2 1
github.com/errrov/urlshortener/internal/server/handlerShorten.go:27.45,29.4 1 0
github.com/errrov/urlshortener/internal/server/handlerShorten.go:30.3,32.34 3 1
github.com/errrov/urlshortener/internal/server/handlerShorten.go:32.34,34.4 1 1
github.com/errrov/urlshortener/internal/server/handlerShorten.go:36.3,41.17 3 1
github.com/errrov/urlshortener/internal/server/handlerShorten.go:41.17,42.31 1 1
github.com/errrov/urlshortener/internal/server/handlerShorten.go:42.31,44.5 1 1
github.com/errrov/urlshortener/internal/server/handlerShorten.go:45.4,45.60 1 0
github.com/errrov/urlshortener/internal/server/handlerShorten.go:48.3,49.17 2 1
github.com/errrov/urlshortener/internal/server/handlerShorten.go:49.17,51.4 1 0
github.com/errrov/urlshortener/internal/server/handlerShorten.go:52.3,55.4 1 1
github.com/errrov/urlshortener/internal/server/server.go:18.46,24.2 3 0
github.com/errrov/urlshortener/internal/server/server.go:26.32,36.2 3 0
github.com/errrov/urlshortener/internal/server/server.go:38.67,40.2 1 0
